Script started on 2019-03-04 22:06:40-0500
]0;millerm30@hopper: ~/CSCI207/LABS/LAB6millerm30@hopper:~/CSCI207/LABS/LAB6$ LAB63[K_3L[K_l[KLoopPractice
Even sums 2-500: 


2 + 2 = 4
4 + 4 = 8
6 + 6 = 12
8 + 8 = 16
10 + 10 = 20
12 + 12 = 24
14 + 14 = 28
16 + 16 = 32
18 + 18 = 36
20 + 20 = 40
22 + 22 = 44
24 + 24 = 48
26 + 26 = 52
28 + 28 = 56
30 + 30 = 60
32 + 32 = 64
34 + 34 = 68
36 + 36 = 72
38 + 38 = 76
40 + 40 = 80
42 + 42 = 84
44 + 44 = 88
46 + 46 = 92
48 + 48 = 96
50 + 50 = 100
52 + 52 = 104
54 + 54 = 108
56 + 56 = 112
58 + 58 = 116
60 + 60 = 120
62 + 62 = 124
64 + 64 = 128
66 + 66 = 132
68 + 68 = 136
70 + 70 = 140
72 + 72 = 144
74 + 74 = 148
76 + 76 = 152
78 + 78 = 156
80 + 80 = 160
82 + 82 = 164
84 + 84 = 168
86 + 86 = 172
88 + 88 = 176
90 + 90 = 180
92 + 92 = 184
94 + 94 = 188
96 + 96 = 192
98 + 98 = 196
100 + 100 = 200
102 + 102 = 204
104 + 104 = 208
106 + 106 = 212
108 + 108 = 216
110 + 110 = 220
112 + 112 = 224
114 + 114 = 228
116 + 116 = 232
118 + 118 = 236
120 + 120 = 240
122 + 122 = 244
124 + 124 = 248
126 + 126 = 252
128 + 128 = 256
130 + 130 = 260
132 + 132 = 264
134 + 134 = 268
136 + 136 = 272
138 + 138 = 276
140 + 140 = 280
142 + 142 = 284
144 + 144 = 288
146 + 146 = 292
148 + 148 = 296
150 + 150 = 300
152 + 152 = 304
154 + 154 = 308
156 + 156 = 312
158 + 158 = 316
160 + 160 = 320
162 + 162 = 324
164 + 164 = 328
166 + 166 = 332
168 + 168 = 336
170 + 170 = 340
172 + 172 = 344
174 + 174 = 348
176 + 176 = 352
178 + 178 = 356
180 + 180 = 360
182 + 182 = 364
184 + 184 = 368
186 + 186 = 372
188 + 188 = 376
190 + 190 = 380
192 + 192 = 384
194 + 194 = 388
196 + 196 = 392
198 + 198 = 396
200 + 200 = 400
202 + 202 = 404
204 + 204 = 408
206 + 206 = 412
208 + 208 = 416
210 + 210 = 420
212 + 212 = 424
214 + 214 = 428
216 + 216 = 432
218 + 218 = 436
220 + 220 = 440
222 + 222 = 444
224 + 224 = 448
226 + 226 = 452
228 + 228 = 456
230 + 230 = 460
232 + 232 = 464
234 + 234 = 468
236 + 236 = 472
238 + 238 = 476
240 + 240 = 480
242 + 242 = 484
244 + 244 = 488
246 + 246 = 492
248 + 248 = 496
250 + 250 = 500
252 + 252 = 504
254 + 254 = 508
256 + 256 = 512
258 + 258 = 516
260 + 260 = 520
262 + 262 = 524
264 + 264 = 528
266 + 266 = 532
268 + 268 = 536
270 + 270 = 540
272 + 272 = 544
274 + 274 = 548
276 + 276 = 552
278 + 278 = 556
280 + 280 = 560
282 + 282 = 564
284 + 284 = 568
286 + 286 = 572
288 + 288 = 576
290 + 290 = 580
292 + 292 = 584
294 + 294 = 588
296 + 296 = 592
298 + 298 = 596
300 + 300 = 600
302 + 302 = 604
304 + 304 = 608
306 + 306 = 612
308 + 308 = 616
310 + 310 = 620
312 + 312 = 624
314 + 314 = 628
316 + 316 = 632
318 + 318 = 636
320 + 320 = 640
322 + 322 = 644
324 + 324 = 648
326 + 326 = 652
328 + 328 = 656
330 + 330 = 660
332 + 332 = 664
334 + 334 = 668
336 + 336 = 672
338 + 338 = 676
340 + 340 = 680
342 + 342 = 684
344 + 344 = 688
346 + 346 = 692
348 + 348 = 696
350 + 350 = 700
352 + 352 = 704
354 + 354 = 708
356 + 356 = 712
358 + 358 = 716
360 + 360 = 720
362 + 362 = 724
364 + 364 = 728
366 + 366 = 732
368 + 368 = 736
370 + 370 = 740
372 + 372 = 744
374 + 374 = 748
376 + 376 = 752
378 + 378 = 756
380 + 380 = 760
382 + 382 = 764
384 + 384 = 768
386 + 386 = 772
388 + 388 = 776
390 + 390 = 780
392 + 392 = 784
394 + 394 = 788
396 + 396 = 792
398 + 398 = 796
400 + 400 = 800
402 + 402 = 804
404 + 404 = 808
406 + 406 = 812
408 + 408 = 816
410 + 410 = 820
412 + 412 = 824
414 + 414 = 828
416 + 416 = 832
418 + 418 = 836
420 + 420 = 840
422 + 422 = 844
424 + 424 = 848
426 + 426 = 852
428 + 428 = 856
430 + 430 = 860
432 + 432 = 864
434 + 434 = 868
436 + 436 = 872
438 + 438 = 876
440 + 440 = 880
442 + 442 = 884
444 + 444 = 888
446 + 446 = 892
448 + 448 = 896
450 + 450 = 900
452 + 452 = 904
454 + 454 = 908
456 + 456 = 912
458 + 458 = 916
460 + 460 = 920
462 + 462 = 924
464 + 464 = 928
466 + 466 = 932
468 + 468 = 936
470 + 470 = 940
472 + 472 = 944
474 + 474 = 948
476 + 476 = 952
478 + 478 = 956
480 + 480 = 960
482 + 482 = 964
484 + 484 = 968
486 + 486 = 972
488 + 488 = 976
490 + 490 = 980
492 + 492 = 984
494 + 494 = 988
496 + 496 = 992
498 + 498 = 996
500 + 500 = 1000

Odd sums 1-499: 


1 + 1 = 2
3 + 3 = 6
5 + 5 = 10
7 + 7 = 14
9 + 9 = 18
11 + 11 = 22
13 + 13 = 26
15 + 15 = 30
17 + 17 = 34
19 + 19 = 38
21 + 21 = 42
23 + 23 = 46
25 + 25 = 50
27 + 27 = 54
29 + 29 = 58
31 + 31 = 62
33 + 33 = 66
35 + 35 = 70
37 + 37 = 74
39 + 39 = 78
41 + 41 = 82
43 + 43 = 86
45 + 45 = 90
47 + 47 = 94
49 + 49 = 98
51 + 51 = 102
53 + 53 = 106
55 + 55 = 110
57 + 57 = 114
59 + 59 = 118
61 + 61 = 122
63 + 63 = 126
65 + 65 = 130
67 + 67 = 134
69 + 69 = 138
71 + 71 = 142
73 + 73 = 146
75 + 75 = 150
77 + 77 = 154
79 + 79 = 158
81 + 81 = 162
83 + 83 = 166
85 + 85 = 170
87 + 87 = 174
89 + 89 = 178
91 + 91 = 182
93 + 93 = 186
95 + 95 = 190
97 + 97 = 194
99 + 99 = 198
101 + 101 = 202
103 + 103 = 206
105 + 105 = 210
107 + 107 = 214
109 + 109 = 218
111 + 111 = 222
113 + 113 = 226
115 + 115 = 230
117 + 117 = 234
119 + 119 = 238
121 + 121 = 242
123 + 123 = 246
125 + 125 = 250
127 + 127 = 254
129 + 129 = 258
131 + 131 = 262
133 + 133 = 266
135 + 135 = 270
137 + 137 = 274
139 + 139 = 278
141 + 141 = 282
143 + 143 = 286
145 + 145 = 290
147 + 147 = 294
149 + 149 = 298
151 + 151 = 302
153 + 153 = 306
155 + 155 = 310
157 + 157 = 314
159 + 159 = 318
161 + 161 = 322
163 + 163 = 326
165 + 165 = 330
167 + 167 = 334
169 + 169 = 338
171 + 171 = 342
173 + 173 = 346
175 + 175 = 350
177 + 177 = 354
179 + 179 = 358
181 + 181 = 362
183 + 183 = 366
185 + 185 = 370
187 + 187 = 374
189 + 189 = 378
191 + 191 = 382
193 + 193 = 386
195 + 195 = 390
197 + 197 = 394
199 + 199 = 398
201 + 201 = 402
203 + 203 = 406
205 + 205 = 410
207 + 207 = 414
209 + 209 = 418
211 + 211 = 422
213 + 213 = 426
215 + 215 = 430
217 + 217 = 434
219 + 219 = 438
221 + 221 = 442
223 + 223 = 446
225 + 225 = 450
227 + 227 = 454
229 + 229 = 458
231 + 231 = 462
233 + 233 = 466
235 + 235 = 470
237 + 237 = 474
239 + 239 = 478
241 + 241 = 482
243 + 243 = 486
245 + 245 = 490
247 + 247 = 494
249 + 249 = 498
251 + 251 = 502
253 + 253 = 506
255 + 255 = 510
257 + 257 = 514
259 + 259 = 518
261 + 261 = 522
263 + 263 = 526
265 + 265 = 530
267 + 267 = 534
269 + 269 = 538
271 + 271 = 542
273 + 273 = 546
275 + 275 = 550
277 + 277 = 554
279 + 279 = 558
281 + 281 = 562
283 + 283 = 566
285 + 285 = 570
287 + 287 = 574
289 + 289 = 578
291 + 291 = 582
293 + 293 = 586
295 + 295 = 590
297 + 297 = 594
299 + 299 = 598
301 + 301 = 602
303 + 303 = 606
305 + 305 = 610
307 + 307 = 614
309 + 309 = 618
311 + 311 = 622
313 + 313 = 626
315 + 315 = 630
317 + 317 = 634
319 + 319 = 638
321 + 321 = 642
323 + 323 = 646
325 + 325 = 650
327 + 327 = 654
329 + 329 = 658
331 + 331 = 662
333 + 333 = 666
335 + 335 = 670
337 + 337 = 674
339 + 339 = 678
341 + 341 = 682
343 + 343 = 686
345 + 345 = 690
347 + 347 = 694
349 + 349 = 698
351 + 351 = 702
353 + 353 = 706
355 + 355 = 710
357 + 357 = 714
359 + 359 = 718
361 + 361 = 722
363 + 363 = 726
365 + 365 = 730
367 + 367 = 734
369 + 369 = 738
371 + 371 = 742
373 + 373 = 746
375 + 375 = 750
377 + 377 = 754
379 + 379 = 758
381 + 381 = 762
383 + 383 = 766
385 + 385 = 770
387 + 387 = 774
389 + 389 = 778
391 + 391 = 782
393 + 393 = 786
395 + 395 = 790
397 + 397 = 794
399 + 399 = 798
401 + 401 = 802
403 + 403 = 806
405 + 405 = 810
407 + 407 = 814
409 + 409 = 818
411 + 411 = 822
413 + 413 = 826
415 + 415 = 830
417 + 417 = 834
419 + 419 = 838
421 + 421 = 842
423 + 423 = 846
425 + 425 = 850
427 + 427 = 854
429 + 429 = 858
431 + 431 = 862
433 + 433 = 866
435 + 435 = 870
437 + 437 = 874
439 + 439 = 878
441 + 441 = 882
443 + 443 = 886
445 + 445 = 890
447 + 447 = 894
449 + 449 = 898
451 + 451 = 902
453 + 453 = 906
455 + 455 = 910
457 + 457 = 914
459 + 459 = 918
461 + 461 = 922
463 + 463 = 926
465 + 465 = 930
467 + 467 = 934
469 + 469 = 938
471 + 471 = 942
473 + 473 = 946
475 + 475 = 950
477 + 477 = 954
479 + 479 = 958
481 + 481 = 962
483 + 483 = 966
485 + 485 = 970
487 + 487 = 974
489 + 489 = 978
491 + 491 = 982
493 + 493 = 986
495 + 495 = 990
497 + 497 = 994
499 + 499 = 998
]0;millerm30@hopper: ~/CSCI207/LABS/LAB6millerm30@hopper:~/CSCI207/LABS/LAB6$ exit

Script done on 2019-03-04 22:07:05-0500
